<?xml version="1.0" encoding="UTF-8"?>
<!-- Generated by org.testng.reporters.JUnitReportReporter -->
<testsuite skipped="0" hostname="bindu-PC" name="cucumberoptions.TestRunner" tests="1" failures="0" timestamp="23 Apr 2021 19:30:00 GMT" time="7.654" errors="0">
  <testcase name="runScenario" time="7.654" classname="cucumberoptions.TestRunner"/>
</testsuite> <!-- cucumberoptions.TestRunner -->
