<?xml version="1.0" encoding="UTF-8"?>
<!-- Generated by org.testng.reporters.JUnitReportReporter -->
<testsuite skipped="0" hostname="bindu-PC" name="Academy.testcases.validateLandingPagetest" tests="1" failures="0" timestamp="23 Apr 2021 19:09:34 GMT" time="8.243" errors="0">
  <testcase name="doBaseTestnavigation" time="8.243" classname="Academy.testcases.validateLandingPagetest"/>
</testsuite> <!-- Academy.testcases.validateLandingPagetest -->
