<?xml version="1.0" encoding="UTF-8"?>
<!-- Generated by org.testng.reporters.JUnitReportReporter -->
<testsuite skipped="0" hostname="bindu-PC" name="Academy.testcases.baseTestnavigationtest" tests="2" failures="0" timestamp="17 Apr 2021 12:27:07 GMT" time="23.072" errors="0">
  <testcase name="doBaseTestnavigation" time="11.367" classname="Academy.testcases.baseTestnavigationtest"/>
  <testcase name="doBaseTestnavigation" time="11.705" classname="Academy.testcases.baseTestnavigationtest"/>
</testsuite> <!-- Academy.testcases.baseTestnavigationtest -->
