<?xml version="1.0" encoding="UTF-8"?>
<!-- Generated by org.testng.reporters.JUnitReportReporter -->
<testsuite skipped="0" hostname="bindu-PC" name="Academy.testcases.LoginTest" tests="1" failures="0" timestamp="17 Apr 2021 00:31:46 GMT" time="8.156" errors="0">
  <testcase name="baseTestnavigation" time="8.156" classname="Academy.testcases.LoginTest"/>
</testsuite> <!-- Academy.testcases.LoginTest -->
