<?xml version="1.0" encoding="UTF-8"?>
<!-- Generated by org.testng.reporters.JUnitReportReporter -->
<testsuite skipped="0" hostname="bindu-PC" name="Academy.testcases.ValidateLoginPagetest" tests="2" failures="0" timestamp="23 Apr 2021 19:09:34 GMT" time="15.838" errors="0">
  <testcase name="doLogin" time="8.713" classname="Academy.testcases.ValidateLoginPagetest"/>
  <testcase name="doLogin" time="7.125" classname="Academy.testcases.ValidateLoginPagetest"/>
</testsuite> <!-- Academy.testcases.ValidateLoginPagetest -->
