<?xml version="1.0" encoding="UTF-8"?>
<!-- Generated by org.testng.reporters.JUnitReportReporter -->
<testsuite skipped="0" hostname="bindu-PC" name="Academy.testcases.validateLandingPagetest" tests="1" failures="0" timestamp="20 Apr 2021 17:02:05 GMT" time="0.089" errors="0">
  <testcase name="doBaseTestnavigation" time="0.089" classname="Academy.testcases.validateLandingPagetest"/>
</testsuite> <!-- Academy.testcases.validateLandingPagetest -->
