<?xml version="1.0" encoding="UTF-8"?>
<!-- Generated by org.testng.reporters.JUnitReportReporter -->
<testsuite skipped="0" hostname="bindu-PC" name="Academy.testcases.ValidateLoginPagetest" tests="2" failures="0" timestamp="20 Apr 2021 17:02:05 GMT" time="15.543" errors="0">
  <testcase name="doLogin" time="10.061" classname="Academy.testcases.ValidateLoginPagetest"/>
  <testcase name="doLogin" time="5.482" classname="Academy.testcases.ValidateLoginPagetest"/>
</testsuite> <!-- Academy.testcases.ValidateLoginPagetest -->
